<?xml version="1.0" encoding="UTF-8"?>
<testsuite xmlns:xsi="http://www.w3.org/2001/XMLSchema-instance" xsi:noNamespaceSchemaLocation="https://maven.apache.org/surefire/maven-surefire-plugin/xsd/surefire-test-report-3.0.xsd" version="3.0" name="Projeto.GestorDesportivo_ESTest" time="0.42" tests="76" errors="0" skipped="0" failures="0">
  <properties>
    <property name="sun.desktop" value="gnome"/>
    <property name="awt.toolkit" value="sun.awt.X11.XToolkit"/>
    <property name="file.encoding.pkg" value="sun.io"/>
    <property name="java.specification.version" value="1.8"/>
    <property name="sun.cpu.isalist" value=""/>
    <property name="sun.jnu.encoding" value="UTF-8"/>
    <property name="java.class.path" value="/home/guedes674/Documents/ATS-Project/target/test-classes:/home/guedes674/Documents/ATS-Project/target/classes:/home/guedes674/.m2/repository/org/junit/jupiter/junit-jupiter/5.10.0/junit-jupiter-5.10.0.jar:/home/guedes674/.m2/repository/org/junit/jupiter/junit-jupiter-api/5.10.0/junit-jupiter-api-5.10.0.jar:/home/guedes674/.m2/repository/org/opentest4j/opentest4j/1.3.0/opentest4j-1.3.0.jar:/home/guedes674/.m2/repository/org/junit/platform/junit-platform-commons/1.10.0/junit-platform-commons-1.10.0.jar:/home/guedes674/.m2/repository/org/junit/jupiter/junit-jupiter-params/5.10.0/junit-jupiter-params-5.10.0.jar:/home/guedes674/.m2/repository/org/junit/jupiter/junit-jupiter-engine/5.10.0/junit-jupiter-engine-5.10.0.jar:/home/guedes674/.m2/repository/junit/junit/4.12/junit-4.12.jar:/home/guedes674/.m2/repository/org/hamcrest/hamcrest-core/1.3/hamcrest-core-1.3.jar:/home/guedes674/.m2/repository/org/junit/vintage/junit-vintage-engine/5.9.1/junit-vintage-engine-5.9.1.jar:/home/guedes674/.m2/repository/org/junit/platform/junit-platform-engine/1.10.0/junit-platform-engine-1.10.0.jar:/home/guedes674/.m2/repository/org/apiguardian/apiguardian-api/1.1.2/apiguardian-api-1.1.2.jar:/home/guedes674/.m2/repository/org/evosuite/evosuite-standalone-runtime/1.0.6/evosuite-standalone-runtime-1.0.6.jar:"/>
    <property name="java.vm.vendor" value="Arch Linux"/>
    <property name="sun.arch.data.model" value="64"/>
    <property name="java.vendor.url" value="http://java.oracle.com/"/>
    <property name="user.timezone" value=""/>
    <property name="java.vm.specification.version" value="1.8"/>
    <property name="os.name" value="Linux"/>
    <property name="user.country" value="US"/>
    <property name="sun.java.launcher" value="SUN_STANDARD"/>
    <property name="sun.boot.library.path" value="/usr/lib/jvm/java-8-openjdk/jre/lib/amd64"/>
    <property name="sun.java.command" value="/home/guedes674/Documents/ATS-Project/target/surefire/surefirebooter-20250602153326348_3.jar /home/guedes674/Documents/ATS-Project/target/surefire 2025-06-02T15-33-26_294-jvmRun1 surefire-20250602153326348_1tmp surefire_0-20250602153326348_2tmp"/>
    <property name="surefire.test.class.path" value="/home/guedes674/Documents/ATS-Project/target/test-classes:/home/guedes674/Documents/ATS-Project/target/classes:/home/guedes674/.m2/repository/org/junit/jupiter/junit-jupiter/5.10.0/junit-jupiter-5.10.0.jar:/home/guedes674/.m2/repository/org/junit/jupiter/junit-jupiter-api/5.10.0/junit-jupiter-api-5.10.0.jar:/home/guedes674/.m2/repository/org/opentest4j/opentest4j/1.3.0/opentest4j-1.3.0.jar:/home/guedes674/.m2/repository/org/junit/platform/junit-platform-commons/1.10.0/junit-platform-commons-1.10.0.jar:/home/guedes674/.m2/repository/org/junit/jupiter/junit-jupiter-params/5.10.0/junit-jupiter-params-5.10.0.jar:/home/guedes674/.m2/repository/org/junit/jupiter/junit-jupiter-engine/5.10.0/junit-jupiter-engine-5.10.0.jar:/home/guedes674/.m2/repository/junit/junit/4.12/junit-4.12.jar:/home/guedes674/.m2/repository/org/hamcrest/hamcrest-core/1.3/hamcrest-core-1.3.jar:/home/guedes674/.m2/repository/org/junit/vintage/junit-vintage-engine/5.9.1/junit-vintage-engine-5.9.1.jar:/home/guedes674/.m2/repository/org/junit/platform/junit-platform-engine/1.10.0/junit-platform-engine-1.10.0.jar:/home/guedes674/.m2/repository/org/apiguardian/apiguardian-api/1.1.2/apiguardian-api-1.1.2.jar:/home/guedes674/.m2/repository/org/evosuite/evosuite-standalone-runtime/1.0.6/evosuite-standalone-runtime-1.0.6.jar:"/>
    <property name="sun.cpu.endian" value="little"/>
    <property name="user.home" value="/home/guedes674"/>
    <property name="user.language" value="en"/>
    <property name="java.specification.vendor" value="Oracle Corporation"/>
    <property name="java.home" value="/usr/lib/jvm/java-8-openjdk/jre"/>
    <property name="basedir" value="/home/guedes674/Documents/ATS-Project"/>
    <property name="file.separator" value="/"/>
    <property name="line.separator" value="&#10;"/>
    <property name="java.vm.specification.vendor" value="Oracle Corporation"/>
    <property name="java.specification.name" value="Java Platform API Specification"/>
    <property name="java.awt.graphicsenv" value="sun.awt.X11GraphicsEnvironment"/>
    <property name="surefire.real.class.path" value="/home/guedes674/Documents/ATS-Project/target/surefire/surefirebooter-20250602153326348_3.jar:/home/guedes674/.m2/repository/org/jacoco/org.jacoco.agent/0.8.10/org.jacoco.agent-0.8.10-runtime.jar"/>
    <property name="sun.boot.class.path" value="/usr/lib/jvm/java-8-openjdk/jre/lib/resources.jar:/usr/lib/jvm/java-8-openjdk/jre/lib/rt.jar:/usr/lib/jvm/java-8-openjdk/jre/lib/sunrsasign.jar:/usr/lib/jvm/java-8-openjdk/jre/lib/jsse.jar:/usr/lib/jvm/java-8-openjdk/jre/lib/jce.jar:/usr/lib/jvm/java-8-openjdk/jre/lib/charsets.jar:/usr/lib/jvm/java-8-openjdk/jre/lib/jfr.jar:/usr/lib/jvm/java-8-openjdk/jre/classes"/>
    <property name="sun.management.compiler" value="HotSpot 64-Bit Tiered Compilers"/>
    <property name="java.runtime.version" value="1.8.0_452-b09"/>
    <property name="user.name" value="guedes674"/>
    <property name="path.separator" value=":"/>
    <property name="os.version" value="6.14.9-arch1-1"/>
    <property name="java.endorsed.dirs" value="/usr/lib/jvm/java-8-openjdk/jre/lib/endorsed"/>
    <property name="java.runtime.name" value="OpenJDK Runtime Environment"/>
    <property name="file.encoding" value="UTF-8"/>
    <property name="java.vm.name" value="OpenJDK 64-Bit Server VM"/>
    <property name="localRepository" value="/home/guedes674/.m2/repository"/>
    <property name="java.vendor.url.bug" value="http://bugreport.sun.com/bugreport/"/>
    <property name="java.io.tmpdir" value="/tmp"/>
    <property name="java.version" value="1.8.0_452"/>
    <property name="user.dir" value="/home/guedes674/Documents/ATS-Project"/>
    <property name="os.arch" value="amd64"/>
    <property name="java.vm.specification.name" value="Java Virtual Machine Specification"/>
    <property name="java.awt.printerjob" value="sun.print.PSPrinterJob"/>
    <property name="sun.os.patch.level" value="unknown"/>
    <property name="java.library.path" value="/usr/java/packages/lib/amd64:/usr/lib64:/lib64:/lib:/usr/lib"/>
    <property name="java.vm.info" value="mixed mode"/>
    <property name="java.vendor" value="Arch Linux"/>
    <property name="java.vm.version" value="25.452-b09"/>
    <property name="java.specification.maintenance.version" value="6"/>
    <property name="java.ext.dirs" value="/usr/lib/jvm/java-8-openjdk/jre/lib/ext:/usr/java/packages/lib/ext"/>
    <property name="sun.io.unicode.encoding" value="UnicodeLittle"/>
    <property name="java.class.version" value="52.0"/>
  </properties>
  <testcase name="test19" classname="Projeto.GestorDesportivo_ESTest" time="0.003"/>
  <testcase name="test17" classname="Projeto.GestorDesportivo_ESTest" time="0.001"/>
  <testcase name="test18" classname="Projeto.GestorDesportivo_ESTest" time="0.001"/>
  <testcase name="test11" classname="Projeto.GestorDesportivo_ESTest" time="0.001"/>
  <testcase name="test55" classname="Projeto.GestorDesportivo_ESTest" time="0.001"/>
  <testcase name="test12" classname="Projeto.GestorDesportivo_ESTest" time="0.0"/>
  <testcase name="test56" classname="Projeto.GestorDesportivo_ESTest" time="0.001"/>
  <testcase name="test53" classname="Projeto.GestorDesportivo_ESTest" time="0.001"/>
  <testcase name="test10" classname="Projeto.GestorDesportivo_ESTest" time="0.002">
    <system-out><![CDATA[----------------------------------------------DENTRO CLASSE ABDOMINAIS-------------------------------------------------------
]]></system-out>
  </testcase>
  <testcase name="test54" classname="Projeto.GestorDesportivo_ESTest" time="0.001">
    <system-out><![CDATA[----------------------------------------------DENTRO CLASSE ABDOMINAIS-------------------------------------------------------
]]></system-out>
  </testcase>
  <testcase name="test15" classname="Projeto.GestorDesportivo_ESTest" time="0.002">
    <system-out><![CDATA[----------------------------------------------DENTRO CLASSE ABDOMINAIS-------------------------------------------------------
]]></system-out>
  </testcase>
  <testcase name="test59" classname="Projeto.GestorDesportivo_ESTest" time="0.002"/>
  <testcase name="test16" classname="Projeto.GestorDesportivo_ESTest" time="0.001"/>
  <testcase name="test13" classname="Projeto.GestorDesportivo_ESTest" time="0.001"/>
  <testcase name="test57" classname="Projeto.GestorDesportivo_ESTest" time="0.001"/>
  <testcase name="test14" classname="Projeto.GestorDesportivo_ESTest" time="0.003"/>
  <testcase name="test58" classname="Projeto.GestorDesportivo_ESTest" time="0.001"/>
  <testcase name="test51" classname="Projeto.GestorDesportivo_ESTest" time="0.001"/>
  <testcase name="test52" classname="Projeto.GestorDesportivo_ESTest" time="0.001"/>
  <testcase name="test50" classname="Projeto.GestorDesportivo_ESTest" time="0.001"/>
  <testcase name="test08" classname="Projeto.GestorDesportivo_ESTest" time="0.001"/>
  <testcase name="test09" classname="Projeto.GestorDesportivo_ESTest" time="0.0"/>
  <testcase name="test06" classname="Projeto.GestorDesportivo_ESTest" time="0.001"/>
  <testcase name="test07" classname="Projeto.GestorDesportivo_ESTest" time="0.001"/>
  <testcase name="test00" classname="Projeto.GestorDesportivo_ESTest" time="0.0"/>
  <testcase name="test44" classname="Projeto.GestorDesportivo_ESTest" time="0.0"/>
  <testcase name="test01" classname="Projeto.GestorDesportivo_ESTest" time="0.0"/>
  <testcase name="test45" classname="Projeto.GestorDesportivo_ESTest" time="0.001"/>
  <testcase name="test42" classname="Projeto.GestorDesportivo_ESTest" time="0.001">
    <system-out><![CDATA[----------------------------------------------DENTRO CLASSE ABDOMINAIS-------------------------------------------------------
]]></system-out>
  </testcase>
  <testcase name="test43" classname="Projeto.GestorDesportivo_ESTest" time="0.001"/>
  <testcase name="test04" classname="Projeto.GestorDesportivo_ESTest" time="0.001">
    <system-out><![CDATA[----------------------------------------------DENTRO CLASSE ABDOMINAIS-------------------------------------------------------
]]></system-out>
  </testcase>
  <testcase name="test48" classname="Projeto.GestorDesportivo_ESTest" time="0.001"/>
  <testcase name="test05" classname="Projeto.GestorDesportivo_ESTest" time="0.001"/>
  <testcase name="test49" classname="Projeto.GestorDesportivo_ESTest" time="0.001"/>
  <testcase name="test02" classname="Projeto.GestorDesportivo_ESTest" time="0.0"/>
  <testcase name="test46" classname="Projeto.GestorDesportivo_ESTest" time="0.0"/>
  <testcase name="test03" classname="Projeto.GestorDesportivo_ESTest" time="0.0"/>
  <testcase name="test47" classname="Projeto.GestorDesportivo_ESTest" time="0.0"/>
  <testcase name="test40" classname="Projeto.GestorDesportivo_ESTest" time="0.001"/>
  <testcase name="test41" classname="Projeto.GestorDesportivo_ESTest" time="0.001"/>
  <testcase name="test39" classname="Projeto.GestorDesportivo_ESTest" time="0.001"/>
  <testcase name="test33" classname="Projeto.GestorDesportivo_ESTest" time="0.0"/>
  <testcase name="test34" classname="Projeto.GestorDesportivo_ESTest" time="0.0"/>
  <testcase name="test31" classname="Projeto.GestorDesportivo_ESTest" time="0.001"/>
  <testcase name="test75" classname="Projeto.GestorDesportivo_ESTest" time="0.001"/>
  <testcase name="test32" classname="Projeto.GestorDesportivo_ESTest" time="0.001"/>
  <testcase name="test37" classname="Projeto.GestorDesportivo_ESTest" time="0.001"/>
  <testcase name="test38" classname="Projeto.GestorDesportivo_ESTest" time="0.0"/>
  <testcase name="test35" classname="Projeto.GestorDesportivo_ESTest" time="0.004">
    <system-out><![CDATA[Ok

]]></system-out>
  </testcase>
  <testcase name="test36" classname="Projeto.GestorDesportivo_ESTest" time="0.001"/>
  <testcase name="test70" classname="Projeto.GestorDesportivo_ESTest" time="0.0"/>
  <testcase name="test73" classname="Projeto.GestorDesportivo_ESTest" time="0.002"/>
  <testcase name="test30" classname="Projeto.GestorDesportivo_ESTest" time="0.001"/>
  <testcase name="test74" classname="Projeto.GestorDesportivo_ESTest" time="0.0"/>
  <testcase name="test71" classname="Projeto.GestorDesportivo_ESTest" time="0.005"/>
  <testcase name="test72" classname="Projeto.GestorDesportivo_ESTest" time="0.001"/>
  <testcase name="test28" classname="Projeto.GestorDesportivo_ESTest" time="0.001"/>
  <testcase name="test29" classname="Projeto.GestorDesportivo_ESTest" time="0.001"/>
  <testcase name="test22" classname="Projeto.GestorDesportivo_ESTest" time="0.0">
    <system-out><![CDATA[Ok

]]></system-out>
  </testcase>
  <testcase name="test66" classname="Projeto.GestorDesportivo_ESTest" time="0.001"/>
  <testcase name="test23" classname="Projeto.GestorDesportivo_ESTest" time="0.001"/>
  <testcase name="test67" classname="Projeto.GestorDesportivo_ESTest" time="0.001"/>
  <testcase name="test20" classname="Projeto.GestorDesportivo_ESTest" time="0.001"/>
  <testcase name="test64" classname="Projeto.GestorDesportivo_ESTest" time="0.001"/>
  <testcase name="test21" classname="Projeto.GestorDesportivo_ESTest" time="0.002">
    <system-out><![CDATA[Ok

]]></system-out>
  </testcase>
  <testcase name="test65" classname="Projeto.GestorDesportivo_ESTest" time="0.001"/>
  <testcase name="test26" classname="Projeto.GestorDesportivo_ESTest" time="0.001"/>
  <testcase name="test27" classname="Projeto.GestorDesportivo_ESTest" time="0.001"/>
  <testcase name="test24" classname="Projeto.GestorDesportivo_ESTest" time="0.003"/>
  <testcase name="test68" classname="Projeto.GestorDesportivo_ESTest" time="0.001"/>
  <testcase name="test25" classname="Projeto.GestorDesportivo_ESTest" time="0.001"/>
  <testcase name="test69" classname="Projeto.GestorDesportivo_ESTest" time="0.002"/>
  <testcase name="test62" classname="Projeto.GestorDesportivo_ESTest" time="0.001"/>
  <testcase name="test63" classname="Projeto.GestorDesportivo_ESTest" time="0.001"/>
  <testcase name="test60" classname="Projeto.GestorDesportivo_ESTest" time="0.001"/>
  <testcase name="test61" classname="Projeto.GestorDesportivo_ESTest" time="0.002"/>
</testsuite>