<?xml version="1.0" encoding="UTF-8"?>
<testsuite xmlns:xsi="http://www.w3.org/2001/XMLSchema-instance" xsi:noNamespaceSchemaLocation="https://maven.apache.org/surefire/maven-surefire-plugin/xsd/surefire-test-report-3.0.xsd" version="3.0" name="Projeto.AppDesportiva_ESTest" time="0.122" tests="13" errors="0" skipped="0" failures="0">
  <properties>
    <property name="sun.desktop" value="gnome"/>
    <property name="awt.toolkit" value="sun.awt.X11.XToolkit"/>
    <property name="file.encoding.pkg" value="sun.io"/>
    <property name="java.specification.version" value="1.8"/>
    <property name="sun.cpu.isalist" value=""/>
    <property name="sun.jnu.encoding" value="UTF-8"/>
    <property name="java.class.path" value="/home/guedes674/Documents/ATS-Project/target/test-classes:/home/guedes674/Documents/ATS-Project/target/classes:/home/guedes674/.m2/repository/org/junit/jupiter/junit-jupiter/5.10.0/junit-jupiter-5.10.0.jar:/home/guedes674/.m2/repository/org/junit/jupiter/junit-jupiter-api/5.10.0/junit-jupiter-api-5.10.0.jar:/home/guedes674/.m2/repository/org/opentest4j/opentest4j/1.3.0/opentest4j-1.3.0.jar:/home/guedes674/.m2/repository/org/junit/platform/junit-platform-commons/1.10.0/junit-platform-commons-1.10.0.jar:/home/guedes674/.m2/repository/org/junit/jupiter/junit-jupiter-params/5.10.0/junit-jupiter-params-5.10.0.jar:/home/guedes674/.m2/repository/org/junit/jupiter/junit-jupiter-engine/5.10.0/junit-jupiter-engine-5.10.0.jar:/home/guedes674/.m2/repository/junit/junit/4.12/junit-4.12.jar:/home/guedes674/.m2/repository/org/hamcrest/hamcrest-core/1.3/hamcrest-core-1.3.jar:/home/guedes674/.m2/repository/org/junit/vintage/junit-vintage-engine/5.9.1/junit-vintage-engine-5.9.1.jar:/home/guedes674/.m2/repository/org/junit/platform/junit-platform-engine/1.10.0/junit-platform-engine-1.10.0.jar:/home/guedes674/.m2/repository/org/apiguardian/apiguardian-api/1.1.2/apiguardian-api-1.1.2.jar:/home/guedes674/.m2/repository/org/evosuite/evosuite-standalone-runtime/1.0.6/evosuite-standalone-runtime-1.0.6.jar:"/>
    <property name="java.vm.vendor" value="Arch Linux"/>
    <property name="sun.arch.data.model" value="64"/>
    <property name="java.vendor.url" value="http://java.oracle.com/"/>
    <property name="user.timezone" value=""/>
    <property name="java.vm.specification.version" value="1.8"/>
    <property name="os.name" value="Linux"/>
    <property name="user.country" value="US"/>
    <property name="sun.java.launcher" value="SUN_STANDARD"/>
    <property name="sun.boot.library.path" value="/usr/lib/jvm/java-8-openjdk/jre/lib/amd64"/>
    <property name="sun.java.command" value="/home/guedes674/Documents/ATS-Project/target/surefire/surefirebooter-20250529001003451_3.jar /home/guedes674/Documents/ATS-Project/target/surefire 2025-05-29T00-10-03_378-jvmRun1 surefire-20250529001003451_1tmp surefire_0-20250529001003451_2tmp"/>
    <property name="surefire.test.class.path" value="/home/guedes674/Documents/ATS-Project/target/test-classes:/home/guedes674/Documents/ATS-Project/target/classes:/home/guedes674/.m2/repository/org/junit/jupiter/junit-jupiter/5.10.0/junit-jupiter-5.10.0.jar:/home/guedes674/.m2/repository/org/junit/jupiter/junit-jupiter-api/5.10.0/junit-jupiter-api-5.10.0.jar:/home/guedes674/.m2/repository/org/opentest4j/opentest4j/1.3.0/opentest4j-1.3.0.jar:/home/guedes674/.m2/repository/org/junit/platform/junit-platform-commons/1.10.0/junit-platform-commons-1.10.0.jar:/home/guedes674/.m2/repository/org/junit/jupiter/junit-jupiter-params/5.10.0/junit-jupiter-params-5.10.0.jar:/home/guedes674/.m2/repository/org/junit/jupiter/junit-jupiter-engine/5.10.0/junit-jupiter-engine-5.10.0.jar:/home/guedes674/.m2/repository/junit/junit/4.12/junit-4.12.jar:/home/guedes674/.m2/repository/org/hamcrest/hamcrest-core/1.3/hamcrest-core-1.3.jar:/home/guedes674/.m2/repository/org/junit/vintage/junit-vintage-engine/5.9.1/junit-vintage-engine-5.9.1.jar:/home/guedes674/.m2/repository/org/junit/platform/junit-platform-engine/1.10.0/junit-platform-engine-1.10.0.jar:/home/guedes674/.m2/repository/org/apiguardian/apiguardian-api/1.1.2/apiguardian-api-1.1.2.jar:/home/guedes674/.m2/repository/org/evosuite/evosuite-standalone-runtime/1.0.6/evosuite-standalone-runtime-1.0.6.jar:"/>
    <property name="sun.cpu.endian" value="little"/>
    <property name="user.home" value="/home/guedes674"/>
    <property name="user.language" value="en"/>
    <property name="java.specification.vendor" value="Oracle Corporation"/>
    <property name="java.home" value="/usr/lib/jvm/java-8-openjdk/jre"/>
    <property name="basedir" value="/home/guedes674/Documents/ATS-Project"/>
    <property name="file.separator" value="/"/>
    <property name="line.separator" value="&#10;"/>
    <property name="java.vm.specification.vendor" value="Oracle Corporation"/>
    <property name="java.specification.name" value="Java Platform API Specification"/>
    <property name="java.awt.graphicsenv" value="sun.awt.X11GraphicsEnvironment"/>
    <property name="surefire.real.class.path" value="/home/guedes674/Documents/ATS-Project/target/surefire/surefirebooter-20250529001003451_3.jar:/home/guedes674/.m2/repository/org/jacoco/org.jacoco.agent/0.8.10/org.jacoco.agent-0.8.10-runtime.jar"/>
    <property name="sun.boot.class.path" value="/usr/lib/jvm/java-8-openjdk/jre/lib/resources.jar:/usr/lib/jvm/java-8-openjdk/jre/lib/rt.jar:/usr/lib/jvm/java-8-openjdk/jre/lib/sunrsasign.jar:/usr/lib/jvm/java-8-openjdk/jre/lib/jsse.jar:/usr/lib/jvm/java-8-openjdk/jre/lib/jce.jar:/usr/lib/jvm/java-8-openjdk/jre/lib/charsets.jar:/usr/lib/jvm/java-8-openjdk/jre/lib/jfr.jar:/usr/lib/jvm/java-8-openjdk/jre/classes"/>
    <property name="sun.management.compiler" value="HotSpot 64-Bit Tiered Compilers"/>
    <property name="java.runtime.version" value="1.8.0_452-b09"/>
    <property name="user.name" value="guedes674"/>
    <property name="path.separator" value=":"/>
    <property name="os.version" value="6.14.7-arch2-1"/>
    <property name="java.endorsed.dirs" value="/usr/lib/jvm/java-8-openjdk/jre/lib/endorsed"/>
    <property name="java.runtime.name" value="OpenJDK Runtime Environment"/>
    <property name="file.encoding" value="UTF-8"/>
    <property name="java.vm.name" value="OpenJDK 64-Bit Server VM"/>
    <property name="localRepository" value="/home/guedes674/.m2/repository"/>
    <property name="java.vendor.url.bug" value="http://bugreport.sun.com/bugreport/"/>
    <property name="java.io.tmpdir" value="/tmp"/>
    <property name="java.version" value="1.8.0_452"/>
    <property name="user.dir" value="/home/guedes674/Documents/ATS-Project"/>
    <property name="os.arch" value="amd64"/>
    <property name="java.vm.specification.name" value="Java Virtual Machine Specification"/>
    <property name="java.awt.printerjob" value="sun.print.PSPrinterJob"/>
    <property name="sun.os.patch.level" value="unknown"/>
    <property name="java.library.path" value="/usr/java/packages/lib/amd64:/usr/lib64:/lib64:/lib:/usr/lib"/>
    <property name="java.vm.info" value="mixed mode"/>
    <property name="java.vendor" value="Arch Linux"/>
    <property name="java.vm.version" value="25.452-b09"/>
    <property name="java.specification.maintenance.version" value="6"/>
    <property name="java.ext.dirs" value="/usr/lib/jvm/java-8-openjdk/jre/lib/ext:/usr/java/packages/lib/ext"/>
    <property name="sun.io.unicode.encoding" value="UnicodeLittle"/>
    <property name="java.class.version" value="52.0"/>
  </properties>
  <testcase name="test10" classname="Projeto.AppDesportiva_ESTest" time="0.011">
    <system-out><![CDATA[


























































































-------------Menu Inicial-------------
Opção 1: Carregar estado
Opção 2: Novo estado
Opção 0: Sair
Opção: 


























































































Programa encerrado
Insira o código do utilizador
Utilizador não existe.
Enter para continuar
]]></system-out>
  </testcase>
  <testcase name="test00" classname="Projeto.AppDesportiva_ESTest" time="0.002">
    <system-out><![CDATA[


























































































Não foi possível aceder ao ficheiro.
Enter para continuar



























































































-------------Menu Inicial-------------
Opção 1: Carregar estado
Opção 2: Novo estado
Opção 0: Sair
Opção: ]]></system-out>
  </testcase>
  <testcase name="test11" classname="Projeto.AppDesportiva_ESTest" time="0.001">
    <system-out><![CDATA[


























































































-------------Menu Inicial-------------
Opção 1: Carregar estado
Opção 2: Novo estado
Opção 0: Sair
Opção: 


























































































Programa encerrado
1: Desde sempre
2: Entre datas
]]></system-out>
  </testcase>
  <testcase name="test01" classname="Projeto.AppDesportiva_ESTest" time="0.001">
    <system-out><![CDATA[


























































































-------------Menu Inicial-------------
Opção 1: Carregar estado
Opção 2: Novo estado
Opção 0: Sair
Opção: 


























































































Programa encerrado



























































































-------------Menu Simulação-------------
Opção 1: Avançar tempo
Opção 2: Consultar recordes
Opção 3: Consultar estatísticas
Opção 4: Mostrar todas as informações (todos os utilizadores e as suas atividades e planos de treino executados)
Opção 0: Voltar ao setup
Opção: ]]></system-out>
  </testcase>
  <testcase name="test12" classname="Projeto.AppDesportiva_ESTest" time="0.001">
    <system-out><![CDATA[


























































































-------------Menu Inicial-------------
Opção 1: Carregar estado
Opção 2: Novo estado
Opção 0: Sair
Opção: 


























































































Insira o nome do ficheiro a carregar
]]></system-out>
  </testcase>
  <testcase name="test02" classname="Projeto.AppDesportiva_ESTest" time="0.002">
    <system-out><![CDATA[


























































































-------------Menu Inicial-------------
Opção 1: Carregar estado
Opção 2: Novo estado
Opção 0: Sair
Opção: 


























































































Programa encerrado



























































































-------------Estatísticas-------------
Opção 1: Utilizador com mais calorias gastas
Opção 2: Utilizador com mais atividades realizadas
Opção 3: Atividade mais realizada
Opção 4: Total de kilómetros percorridos
Opção 5: Metros de altimetria acumulados
Opção 6: Plano de treino mais exigente
Opção 7: Atividades de um utilizador
Opção 0: Voltar
Opção: ]]></system-out>
  </testcase>
  <testcase name="test03" classname="Projeto.AppDesportiva_ESTest" time="0.001">
    <system-out><![CDATA[


























































































-------------Menu Inicial-------------
Opção 1: Carregar estado
Opção 2: Novo estado
Opção 0: Sair
Opção: 


























































































Programa encerrado



























































































-------------Menu Inicial-------------
Opção 1: Carregar estado
Opção 2: Novo estado
Opção 0: Sair
Opção: ]]></system-out>
  </testcase>
  <testcase name="test04" classname="Projeto.AppDesportiva_ESTest" time="0.002"/>
  <testcase name="test05" classname="Projeto.AppDesportiva_ESTest" time="0.002">
    <system-out><![CDATA[


























































































-------------Menu Inicial-------------
Opção 1: Carregar estado
Opção 2: Novo estado
Opção 0: Sair
Opção: 


























































































Programa encerrado



























































































-------------Menu Inicial-------------
Opção 1: Carregar estado
Opção 2: Novo estado
Opção 0: Sair
Opção: 


























































































Programa encerrado
]]></system-out>
  </testcase>
  <testcase name="test06" classname="Projeto.AppDesportiva_ESTest" time="0.003">
    <system-out><![CDATA[


























































































-------------Menu Inicial-------------
Opção 1: Carregar estado
Opção 2: Novo estado
Opção 0: Sair
Opção: 


























































































Programa encerrado



























































































-------------Estatísticas-------------
Opção 1: Utilizador com mais calorias gastas
Opção 2: Utilizador com mais atividades realizadas
Opção 3: Atividade mais realizada
Opção 4: Total de kilómetros percorridos
Opção 5: Metros de altimetria acumulados
Opção 6: Plano de treino mais exigente
Opção 7: Atividades de um utilizador
Opção 0: Voltar
Opção: ]]></system-out>
  </testcase>
  <testcase name="test07" classname="Projeto.AppDesportiva_ESTest" time="0.002">
    <system-out><![CDATA[


























































































-------------Menu Inicial-------------
Opção 1: Carregar estado
Opção 2: Novo estado
Opção 0: Sair
Opção: 


























































































Programa encerrado



























































































-------------Menu Simulação-------------
Opção 1: Avançar tempo
Opção 2: Consultar recordes
Opção 3: Consultar estatísticas
Opção 4: Mostrar todas as informações (todos os utilizadores e as suas atividades e planos de treino executados)
Opção 0: Voltar ao setup
Opção: Data atual da simulação: 2014-02-14



























































































-------------Menu Setup-------------
Opção 1: Adicionar utilizador
Opção 2: Visualizar utilizador
Opção 3: Adicionar atividade
Opção 4: Registar execução de atividade
Opção 5: Adicionar atividade e registar execução
Opção 6: Visualizar atividade
Opção 7: Adicionar plano de treino
Opção 8: Registar execução de plano de treino
Opção 9: Adicionar plano de treino e registar execução
Opção 10: Visualizar plano de treino
Opção 11: Iniciar simulação
Opção 12: Guardar estado
Opção 13: Guardar e sair
Opção 0: Sair sem guardar
Opção: ]]></system-out>
  </testcase>
  <testcase name="test08" classname="Projeto.AppDesportiva_ESTest" time="0.002">
    <system-out><![CDATA[


























































































-------------Menu Inicial-------------
Opção 1: Carregar estado
Opção 2: Novo estado
Opção 0: Sair
Opção: 


























































































Programa encerrado



























































































-------------Menu Setup-------------
Opção 1: Adicionar utilizador
Opção 2: Visualizar utilizador
Opção 3: Adicionar atividade
Opção 4: Registar execução de atividade
Opção 5: Adicionar atividade e registar execução
Opção 6: Visualizar atividade
Opção 7: Adicionar plano de treino
Opção 8: Registar execução de plano de treino
Opção 9: Adicionar plano de treino e registar execução
Opção 10: Visualizar plano de treino
Opção 11: Iniciar simulação
Opção 12: Guardar estado
Opção 13: Guardar e sair
Opção 0: Sair sem guardar
Opção: 


























































































Programa encerrado
]]></system-out>
  </testcase>
  <testcase name="test09" classname="Projeto.AppDesportiva_ESTest" time="0.001">
    <system-out><![CDATA[


























































































-------------Menu Inicial-------------
Opção 1: Carregar estado
Opção 2: Novo estado
Opção 0: Sair
Opção: Insira o nome do ficheiro onde guardar o estado
]]></system-out>
  </testcase>
</testsuite>